\BOOKMARK [1][-]{section.1}{Introduction}{}% 1
\BOOKMARK [2][-]{subsection.1.1}{Related Work}{section.1}% 2
\BOOKMARK [2][-]{subsection.1.2}{Code Base}{section.1}% 3
\BOOKMARK [1][-]{section.2}{What are Xtext and Xtend?}{}% 4
\BOOKMARK [2][-]{subsection.2.1}{Xtext}{section.2}% 5
\BOOKMARK [2][-]{subsection.2.2}{Xtend}{section.2}% 6
\BOOKMARK [2][-]{subsection.2.3}{General Workflow}{section.2}% 7
\BOOKMARK [3][-]{subsubsection.2.3.1}{Create a Grammar}{subsection.2.3}% 8
\BOOKMARK [3][-]{subsubsection.2.3.2}{Compile the Grammar}{subsection.2.3}% 9
\BOOKMARK [3][-]{subsubsection.2.3.3}{Add Generation, Scoping and Validation}{subsection.2.3}% 10
\BOOKMARK [1][-]{section.3}{Designing Bmod}{}% 11
\BOOKMARK [2][-]{subsection.3.1}{What is in Bmod?}{section.3}% 12
\BOOKMARK [2][-]{subsection.3.2}{Constraints}{section.3}% 13
\BOOKMARK [3][-]{subsubsection.3.2.1}{Implicit Constraints}{subsection.3.2}% 14
\BOOKMARK [1][-]{section.4}{Designing Breact}{}% 15
\BOOKMARK [2][-]{subsection.4.1}{Actions}{section.4}% 16
\BOOKMARK [2][-]{subsection.4.2}{Find}{section.4}% 17
\BOOKMARK [2][-]{subsection.4.3}{Combined}{section.4}% 18
\BOOKMARK [1][-]{section.5}{Connecting the Pedestrian Simulator}{}% 19
\BOOKMARK [2][-]{subsection.5.1}{Compilation}{section.5}% 20
\BOOKMARK [1][-]{section.6}{Conclusions and Future Work}{}% 21
